<?xml version="1.0" encoding="UTF-8"?>
<!-- Generated by org.testng.reporters.JUnitXMLReporter -->
<testsuite hostname="VAIDEHI-PC" ignored="0" name="LoginValidationTest" tests="1" failures="1" timestamp="12 Jan 2019 17:59:52 GMT" time="14.994" errors="0">
  <testcase name="verifyUserLoginToMercuryTravel" time="2.941" classname="com.edureka.testcases.HomePageTests">
    <failure type="java.lang.AssertionError" message="expected [Welcome, vaidehi] but found [Welcome, Vaidehi]">
      <![CDATA[java.lang.AssertionError: expected [Welcome, vaidehi] but found [Welcome, Vaidehi]
at com.edureka.testcases.HomePageTests.verifyUserLoginToMercuryTravel(HomePageTests.java:15)
... Removed 31 stack frames]]>
    </failure>
  </testcase> <!-- verifyUserLoginToMercuryTravel -->
</testsuite> <!-- LoginValidationTest -->
